
4월 18, 2023 10:51:06.22 NEW SESSION
4월 18, 2023 10:51:06.22 [19708:30028:0418/105106.019:ERROR:device_event_log_impl.cc(222)] [10:51:06.018] USB: usb_device_handle_win.cc:1046 Failed to read descriptor from node connection: 시스템에 부착된 장치가 작동하지 않습니다. (0x1F)
4월 18, 2023 10:51:06.605 INFO: Created TensorFlow Lite XNNPACK delegate for CPU.

4월 18, 2023 12:12:23.354 NEW SESSION
4월 18, 2023 12:12:23.355 [19224:26180:0418/121223.352:ERROR:device_event_log_impl.cc(222)] [12:12:23.352] USB: usb_device_handle_win.cc:1046 Failed to read descriptor from node connection: 시스템에 부착된 장치가 작동하지 않습니다. (0x1F)
4월 18, 2023 12:12:23.761 INFO: Created TensorFlow Lite XNNPACK delegate for CPU.
4월 18, 2023 12:17:23.384 [19224:23908:0418/121723.384:ERROR:get_updates_processor.cc(264)] PostClientToServerMessage() failed during GetUpdates with error 15
4월 18, 2023 12:17:27.775 [19224:26180:0418/121727.774:ERROR:CONSOLE(0)] "Error handling response: TypeError: Cannot read properties of undefined (reading 'always')
4월 18, 2023 12:17:27.776     at chrome-extension://cnfngpgfjllafbghaimjcmailafcdhod/releaseDrag.js:90:49", source: https://ogs.google.com/u/0/widget/app?awv2=1&origin=chrome-untrusted%3A%2F%2Fnew-tab-page&origin=chrome%3A%2F%2Fnew-tab-page&cn=app&pid=1&spid=243&hl=ko&dm= (0)
4월 18, 2023 12:17:35.933 [19224:26180:0418/121735.932:ERROR:CONSOLE(0)] "Error handling response: TypeError: Cannot read properties of undefined (reading 'always')
4월 18, 2023 12:17:35.933     at chrome-extension://cnfngpgfjllafbghaimjcmailafcdhod/releaseDrag.js:90:49", source: https://ogs.google.com/u/0/widget/account?amf=1&sea=1&sev=1&origin=chrome-untrusted%3A%2F%2Fnew-tab-page&origin=chrome%3A%2F%2Fnew-tab-page&cn=account&pid=1&spid=243&hl=ko&dm= (0)
4월 18, 2023 12:42:16.486 [19224:34748:0418/124216.485:ERROR:connection_factory_impl.cc(473)] ConnectionHandler failed with net error: -2
4월 18, 2023 12:42:16.487 [19224:34748:0418/124216.487:ERROR:connection_factory_impl.cc(473)] ConnectionHandler failed with net error: -2
4월 18, 2023 15:05:11.843 [19224:34748:0418/150511.843:ERROR:connection_factory_impl.cc(428)] Failed to connect to MCS endpoint with error -105
4월 18, 2023 15:05:11.845 [19224:34748:0418/150511.843:ERROR:connection_factory_impl.cc(428)] Failed to connect to MCS endpoint with error -105
4월 18, 2023 15:05:11.878 [19224:37536:0418/150511.878:ERROR:get_updates_processor.cc(264)] PostClientToServerMessage() failed during GetUpdates with error 2
4월 18, 2023 15:19:05.847 [19224:26180:0418/151905.847:ERROR:device_event_log_impl.cc(222)] [15:19:05.846] USB: usb_service_win.cc:104 SetupDiGetDeviceProperty({{A45C254E-DF1C-4EFD-8020-67D146A850E0}, 6}) failed: 요소가 없습니다. (0x490)
4월 18, 2023 15:19:06.638 [19224:34748:0418/151906.638:ERROR:connection_factory_impl.cc(428)] Failed to connect to MCS endpoint with error -106
4월 18, 2023 15:19:06.639 [19224:34748:0418/151906.639:ERROR:connection_factory_impl.cc(428)] Failed to connect to MCS endpoint with error -106
4월 18, 2023 15:19:06.640 [19224:23908:0418/151906.640:ERROR:get_updates_processor.cc(264)] PostClientToServerMessage() failed during GetUpdates with error 2
4월 18, 2023 15:19:08.195 [19224:34748:0418/151908.195:ERROR:connection_factory_impl.cc(428)] Failed to connect to MCS endpoint with error -105
4월 18, 2023 15:19:08.196 [19224:34748:0418/151908.195:ERROR:connection_factory_impl.cc(428)] Failed to connect to MCS endpoint with error -105
4월 18, 2023 15:19:08.196 [19224:37328:0418/151908.195:ERROR:get_updates_processor.cc(264)] PostClientToServerMessage() failed during GetUpdates with error 2
4월 18, 2023 15:19:11.278 [19224:34748:0418/151911.277:ERROR:connection_factory_impl.cc(428)] Failed to connect to MCS endpoint with error -105
4월 18, 2023 15:19:11.278 [19224:34748:0418/151911.277:ERROR:connection_factory_impl.cc(428)] Failed to connect to MCS endpoint with error -105
4월 18, 2023 15:19:11.279 [19224:33924:0418/151911.278:ERROR:get_updates_processor.cc(264)] PostClientToServerMessage() failed during GetUpdates with error 2
4월 18, 2023 15:19:14.773 [19224:34748:0418/151914.772:ERROR:connection_factory_impl.cc(428)] Failed to connect to MCS endpoint with error -105
4월 18, 2023 15:19:14.774 [19224:34748:0418/151914.772:ERROR:connection_factory_impl.cc(428)] Failed to connect to MCS endpoint with error -105
4월 18, 2023 15:19:14.775 [19224:37328:0418/151914.773:ERROR:get_updates_processor.cc(264)] PostClientToServerMessage() failed during GetUpdates with error 2
4월 18, 2023 15:19:22.411 [19224:34748:0418/151922.411:ERROR:connection_factory_impl.cc(428)] Failed to connect to MCS endpoint with error -105
4월 18, 2023 15:19:22.412 [19224:34748:0418/151922.411:ERROR:connection_factory_impl.cc(428)] Failed to connect to MCS endpoint with error -105
4월 18, 2023 15:19:22.412 [19224:33924:0418/151922.411:ERROR:get_updates_processor.cc(264)] PostClientToServerMessage() failed during GetUpdates with error 2
4월 18, 2023 15:19:28.761 [19224:34748:0418/151928.760:ERROR:connection_factory_impl.cc(428)] Failed to connect to MCS endpoint with error -105
4월 18, 2023 15:19:28.762 [19224:33924:0418/151928.761:ERROR:get_updates_processor.cc(264)] PostClientToServerMessage() failed during GetUpdates with error 2
4월 18, 2023 15:19:28.762 [19224:34748:0418/151928.761:ERROR:connection_factory_impl.cc(428)] Failed to connect to MCS endpoint with error -105
4월 18, 2023 15:27:52.259 [19224:34748:0418/152752.259:ERROR:connection_factory_impl.cc(473)] ConnectionHandler failed with net error: -2
4월 18, 2023 15:27:52.260 [19224:34748:0418/152752.259:ERROR:connection_factory_impl.cc(473)] ConnectionHandler failed with net error: -2
4월 18, 2023 15:30:40.946 [19224:34748:0418/153040.945:ERROR:connection_factory_impl.cc(473)] ConnectionHandler failed with net error: -2
4월 18, 2023 15:30:40.946 [19224:34748:0418/153040.945:ERROR:connection_factory_impl.cc(473)] ConnectionHandler failed with net error: -2
4월 18, 2023 15:54:27.157 [19224:26180:0418/155427.156:ERROR:CONSOLE(0)] "Error handling response: TypeError: Cannot read properties of undefined (reading 'always')
4월 18, 2023 15:54:27.157     at chrome-extension://cnfngpgfjllafbghaimjcmailafcdhod/releaseDrag.js:90:49", source: https://ogs.google.com/u/0/widget/app?awv2=1&origin=chrome-untrusted%3A%2F%2Fnew-tab-page&origin=chrome%3A%2F%2Fnew-tab-page&cn=app&pid=1&spid=243&hl=ko&dm= (0)
4월 18, 2023 16:21:51.999 [19224:26180:0418/162151.999:ERROR:interface_endpoint_client.cc(695)] Message 0 rejected by interface blink.mojom.WidgetHost
4월 18, 2023 16:31:27.925 [19224:34748:0418/163127.925:ERROR:connection_factory_impl.cc(473)] ConnectionHandler failed with net error: -2
4월 18, 2023 16:31:27.926 [19224:34748:0418/163127.925:ERROR:connection_factory_impl.cc(473)] ConnectionHandler failed with net error: -2
4월 18, 2023 16:35:59.379 [19224:34748:0418/163559.379:ERROR:connection_factory_impl.cc(473)] ConnectionHandler failed with net error: -2
4월 18, 2023 16:35:59.380 [19224:34748:0418/163559.379:ERROR:connection_factory_impl.cc(473)] ConnectionHandler failed with net error: -2
4월 18, 2023 19:29:56.87 [19224:26180:0418/192956.086:ERROR:CONSOLE(0)] "Error handling response: TypeError: Cannot read properties of undefined (reading 'always')
4월 18, 2023 19:29:56.88     at chrome-extension://cnfngpgfjllafbghaimjcmailafcdhod/releaseDrag.js:90:49", source: https://ogs.google.com/u/0/widget/app?awv2=1&origin=chrome-untrusted%3A%2F%2Fnew-tab-page&origin=chrome%3A%2F%2Fnew-tab-page&cn=app&pid=1&spid=243&hl=ko&dm= (0)
4월 18, 2023 21:57:17.39 [19224:26180:0418/215717.038:ERROR:interface_endpoint_client.cc(695)] Message 0 rejected by interface blink.mojom.WidgetHost

4월 19, 2023 16:15:17.845 NEW SESSION
4월 19, 2023 16:15:17.846 [40476:37592:0419/161517.842:ERROR:device_event_log_impl.cc(222)] [16:15:17.841] USB: usb_device_handle_win.cc:1046 Failed to read descriptor from node connection: 시스템에 부착된 장치가 작동하지 않습니다. (0x1F)
4월 19, 2023 16:15:18.12 INFO: Created TensorFlow Lite XNNPACK delegate for CPU.

4월 19, 2023 19:38:05.875 NEW SESSION
4월 19, 2023 19:38:05.875 [41572:43452:0419/193805.872:ERROR:device_event_log_impl.cc(222)] [19:38:05.873] USB: usb_device_handle_win.cc:1046 Failed to read descriptor from node connection: 시스템에 부착된 장치가 작동하지 않습니다. (0x1F)
4월 19, 2023 19:38:06.304 INFO: Created TensorFlow Lite XNNPACK delegate for CPU.

4월 19, 2023 22:19:58.262 NEW SESSION
4월 19, 2023 22:19:58.262 [44116:42212:0419/221958.260:ERROR:device_event_log_impl.cc(222)] [22:19:58.260] USB: usb_device_handle_win.cc:1046 Failed to read descriptor from node connection: 시스템에 부착된 장치가 작동하지 않습니다. (0x1F)
4월 19, 2023 22:19:58.477 INFO: Created TensorFlow Lite XNNPACK delegate for CPU.
4월 19, 2023 22:27:56.300 [40236:37228:0419/222756.300:ERROR:device_event_log_impl.cc(222)] [22:27:56.300] USB: usb_device_handle_win.cc:1046 Failed to read descriptor from node connection: 시스템에 부착된 장치가 작동하지 않습니다. (0x1F)
4월 19, 2023 22:27:56.547 INFO: Created TensorFlow Lite XNNPACK delegate for CPU.
4월 19, 2023 22:51:33.413 [40236:11516:0419/225133.412:ERROR:connection_factory_impl.cc(472)] ConnectionHandler failed with net error: -2
4월 20, 2023 10:04:42.485 [40236:11516:0420/100442.484:ERROR:connection_factory_impl.cc(472)] ConnectionHandler failed with net error: -2
4월 20, 2023 10:04:43.148 [40236:11516:0420/100443.147:ERROR:connection_factory_impl.cc(429)] Failed to connect to MCS endpoint with error -105
4월 20, 2023 10:04:43.271 [40236:37084:0420/100443.270:ERROR:get_updates_processor.cc(264)] PostClientToServerMessage() failed during GetUpdates with error 2
4월 20, 2023 15:45:51.147 [40236:37228:0420/154551.146:ERROR:device_event_log_impl.cc(222)] [15:45:51.146] USB: usb_service_win.cc:104 SetupDiGetDeviceProperty({{A45C254E-DF1C-4EFD-8020-67D146A850E0}, 6}) failed: 요소가 없습니다. (0x490)
4월 20, 2023 15:45:52.197 [40236:11516:0420/154552.196:ERROR:connection_factory_impl.cc(429)] Failed to connect to MCS endpoint with error -105
4월 20, 2023 15:45:52.198 [40236:11516:0420/154552.197:ERROR:checkin_request.cc(243)] Check-in request got net error: -105
4월 20, 2023 15:45:52.200 [40236:15656:0420/154552.199:ERROR:get_updates_processor.cc(264)] PostClientToServerMessage() failed during GetUpdates with error 2
4월 20, 2023 15:45:52.330 [40236:11516:0420/154552.330:ERROR:connection_factory_impl.cc(429)] Failed to connect to MCS endpoint with error -105
4월 20, 2023 15:45:57.94 [40236:11516:0420/154557.093:ERROR:connection_factory_impl.cc(429)] Failed to connect to MCS endpoint with error -105
4월 20, 2023 15:46:03.75 [40236:11516:0420/154603.075:ERROR:connection_factory_impl.cc(429)] Failed to connect to MCS endpoint with error -105
4월 20, 2023 15:46:17.562 [40236:11516:0420/154617.562:ERROR:connection_factory_impl.cc(429)] Failed to connect to MCS endpoint with error -105
4월 20, 2023 15:46:17.563 [40236:11516:0420/154617.562:ERROR:checkin_request.cc(243)] Check-in request got net error: -105
4월 20, 2023 15:46:24.14 [40236:11516:0420/154624.013:ERROR:connection_factory_impl.cc(429)] Failed to connect to MCS endpoint with error -105
4월 20, 2023 15:46:29.819 [40236:37228:0420/154629.818:ERROR:account_info_fetcher.cc(62)] OnGetTokenFailure: Connection failed (-105).
4월 20, 2023 15:47:02.533 [40236:11516:0420/154702.532:ERROR:checkin_request.cc(243)] Check-in request got net error: -105
4월 20, 2023 15:47:51.92 [40236:11516:0420/154751.091:ERROR:connection_factory_impl.cc(429)] Failed to connect to MCS endpoint with error -105
4월 20, 2023 15:48:48.172 [40236:11516:0420/154848.172:ERROR:connection_factory_impl.cc(429)] Failed to connect to MCS endpoint with error -105
4월 20, 2023 15:48:54.555 [40236:11516:0420/154854.554:ERROR:connection_factory_impl.cc(429)] Failed to connect to MCS endpoint with error -105
4월 20, 2023 15:48:57.388 [40236:11516:0420/154857.388:ERROR:checkin_request.cc(243)] Check-in request got net error: -105
4월 20, 2023 15:49:12.699 [40236:11516:0420/154912.699:ERROR:connection_factory_impl.cc(429)] Failed to connect to MCS endpoint with error -105
4월 20, 2023 15:49:28.84 [40236:11516:0420/154928.083:ERROR:connection_factory_impl.cc(429)] Failed to connect to MCS endpoint with error -105
4월 20, 2023 15:52:50.963 [40236:11516:0420/155250.963:ERROR:connection_factory_impl.cc(472)] ConnectionHandler failed with net error: -2
4월 20, 2023 15:52:53.32 [40236:11516:0420/155253.032:ERROR:connection_factory_impl.cc(429)] Failed to connect to MCS endpoint with error -105
4월 20, 2023 15:52:59.530 [40236:11516:0420/155259.529:ERROR:connection_factory_impl.cc(429)] Failed to connect to MCS endpoint with error -105
4월 20, 2023 15:53:50.653 [40236:11516:0420/155350.653:ERROR:connection_factory_impl.cc(429)] Failed to connect to MCS endpoint with error -105
4월 20, 2023 15:54:04.37 [40236:11516:0420/155404.036:ERROR:connection_factory_impl.cc(429)] Failed to connect to MCS endpoint with error -105
4월 20, 2023 15:54:10.853 [40236:11516:0420/155410.852:ERROR:connection_factory_impl.cc(429)] Failed to connect to MCS endpoint with error -105
4월 20, 2023 15:54:16.978 [40236:11516:0420/155416.978:ERROR:connection_factory_impl.cc(429)] Failed to connect to MCS endpoint with error -105
4월 20, 2023 15:54:36.695 [40236:11516:0420/155436.694:ERROR:connection_factory_impl.cc(429)] Failed to connect to MCS endpoint with error -105
4월 20, 2023 16:10:06.676 [17484:27664:0420/161006.675:ERROR:device_event_log_impl.cc(222)] [16:10:06.675] USB: usb_device_handle_win.cc:1046 Failed to read descriptor from node connection: 시스템에 부착된 장치가 작동하지 않습니다. (0x1F)
4월 20, 2023 16:10:06.931 INFO: Created TensorFlow Lite XNNPACK delegate for CPU.

4월 20, 2023 17:23:06.192 NEW SESSION
4월 20, 2023 17:23:06.192 [33760:35300:0420/172306.188:ERROR:device_event_log_impl.cc(222)] [17:23:06.188] USB: usb_device_handle_win.cc:1046 Failed to read descriptor from node connection: 시스템에 부착된 장치가 작동하지 않습니다. (0x1F)
4월 20, 2023 17:23:06.449 INFO: Created TensorFlow Lite XNNPACK delegate for CPU.
4월 20, 2023 17:27:48.725 [33760:35300:0420/172748.724:ERROR:CONSOLE(0)] "Error handling response: TypeError: Cannot read properties of undefined (reading 'always')
4월 20, 2023 17:27:48.726     at chrome-extension://cnfngpgfjllafbghaimjcmailafcdhod/releaseDrag.js:90:49", source: https://ogs.google.com/u/0/widget/app?awv2=1&origin=chrome-untrusted%3A%2F%2Fnew-tab-page&origin=chrome%3A%2F%2Fnew-tab-page&cn=app&pid=1&spid=243&hl=ko&dm= (0)
4월 20, 2023 17:37:06.835 [33760:18296:0420/173706.835:ERROR:connection_factory_impl.cc(472)] ConnectionHandler failed with net error: -2
4월 20, 2023 17:37:08.965 [33760:18296:0420/173708.965:ERROR:connection_factory_impl.cc(429)] Failed to connect to MCS endpoint with error -105
4월 20, 2023 17:37:09.506 [33760:18296:0420/173709.505:ERROR:connection_factory_impl.cc(429)] Failed to connect to MCS endpoint with error -105
4월 20, 2023 17:37:15.420 [33760:18296:0420/173715.420:ERROR:connection_factory_impl.cc(429)] Failed to connect to MCS endpoint with error -105
4월 20, 2023 17:37:30.905 [33760:18296:0420/173730.904:ERROR:connection_factory_impl.cc(429)] Failed to connect to MCS endpoint with error -105
4월 20, 2023 17:58:47.343 [33760:35300:0420/175847.342:ERROR:CONSOLE(0)] "Error handling response: TypeError: Cannot read properties of undefined (reading 'always')
4월 20, 2023 17:58:47.344     at chrome-extension://cnfngpgfjllafbghaimjcmailafcdhod/releaseDrag.js:90:49", source: https://ogs.google.com/u/0/widget/app?awv2=1&origin=chrome-untrusted%3A%2F%2Fnew-tab-page&origin=chrome%3A%2F%2Fnew-tab-page&cn=app&pid=1&spid=243&hl=ko&dm= (0)
4월 20, 2023 18:02:10.317 [2192:39316:0420/180210.317:ERROR:device_event_log_impl.cc(222)] [18:02:10.316] USB: usb_device_handle_win.cc:1046 Failed to read descriptor from node connection: 시스템에 부착된 장치가 작동하지 않습니다. (0x1F)
4월 20, 2023 18:02:10.530 INFO: Created TensorFlow Lite XNNPACK delegate for CPU.
4월 20, 2023 18:03:16.852 [12768:20832:0420/180316.851:ERROR:device_event_log_impl.cc(222)] [18:03:16.852] USB: usb_device_handle_win.cc:1046 Failed to read descriptor from node connection: 시스템에 부착된 장치가 작동하지 않습니다. (0x1F)
4월 20, 2023 18:03:17.98 INFO: Created TensorFlow Lite XNNPACK delegate for CPU.
4월 20, 2023 18:03:24.181 [12768:23236:0420/180324.180:ERROR:get_updates_processor.cc(264)] PostClientToServerMessage() failed during GetUpdates with error 2
4월 20, 2023 18:03:40.146 [42568:8904:0420/180340.145:ERROR:device_event_log_impl.cc(222)] [18:03:40.146] USB: usb_device_handle_win.cc:1046 Failed to read descriptor from node connection: 시스템에 부착된 장치가 작동하지 않습니다. (0x1F)
4월 20, 2023 18:03:40.435 INFO: Created TensorFlow Lite XNNPACK delegate for CPU.
4월 20, 2023 18:07:13.877 [36308:11288:0420/180713.876:ERROR:device_event_log_impl.cc(222)] [18:07:13.876] USB: usb_device_handle_win.cc:1046 Failed to read descriptor from node connection: 시스템에 부착된 장치가 작동하지 않습니다. (0x1F)
4월 20, 2023 18:07:14.101 INFO: Created TensorFlow Lite XNNPACK delegate for CPU.
4월 20, 2023 18:13:28.171 [27876:39996:0420/181328.171:ERROR:device_event_log_impl.cc(222)] [18:13:28.171] USB: usb_device_handle_win.cc:1046 Failed to read descriptor from node connection: 시스템에 부착된 장치가 작동하지 않습니다. (0x1F)
4월 20, 2023 18:13:28.359 INFO: Created TensorFlow Lite XNNPACK delegate for CPU.
4월 20, 2023 18:15:24.415 [43876:27672:0420/181524.415:ERROR:device_event_log_impl.cc(222)] [18:15:24.415] USB: usb_device_handle_win.cc:1046 Failed to read descriptor from node connection: 시스템에 부착된 장치가 작동하지 않습니다. (0x1F)
4월 20, 2023 18:15:24.677 INFO: Created TensorFlow Lite XNNPACK delegate for CPU.
4월 20, 2023 18:15:31.249 [43876:38224:0420/181531.248:ERROR:connection_factory_impl.cc(472)] ConnectionHandler failed with net error: -2
4월 20, 2023 18:16:06.319 [43876:27672:0420/181606.319:ERROR:device_event_log_impl.cc(222)] [18:16:06.318] USB: usb_service_win.cc:104 SetupDiGetDeviceProperty({{A45C254E-DF1C-4EFD-8020-67D146A850E0}, 6}) failed: 요소가 없습니다. (0x490)

4월 20, 2023 18:22:37.850 NEW SESSION
4월 20, 2023 18:22:37.851 [17796:42168:0420/182237.847:ERROR:device_event_log_impl.cc(222)] [18:22:37.848] USB: usb_device_handle_win.cc:1046 Failed to read descriptor from node connection: 시스템에 부착된 장치가 작동하지 않습니다. (0x1F)
4월 20, 2023 18:22:38.137 INFO: Created TensorFlow Lite XNNPACK delegate for CPU.
4월 20, 2023 18:25:51.223 [40312:43692:0420/182551.223:ERROR:device_event_log_impl.cc(222)] [18:25:51.223] USB: usb_device_handle_win.cc:1046 Failed to read descriptor from node connection: 시스템에 부착된 장치가 작동하지 않습니다. (0x1F)
4월 20, 2023 18:25:51.434 INFO: Created TensorFlow Lite XNNPACK delegate for CPU.
4월 21, 2023 01:28:23.48 [28052:36432:0421/012823.048:ERROR:device_event_log_impl.cc(222)] [01:28:23.047] USB: usb_device_handle_win.cc:1046 Failed to read descriptor from node connection: 시스템에 부착된 장치가 작동하지 않습니다. (0x1F)
4월 21, 2023 01:28:23.352 INFO: Created TensorFlow Lite XNNPACK delegate for CPU.
4월 21, 2023 01:28:45.645 [24796:4156:0421/012845.645:ERROR:device_event_log_impl.cc(222)] [01:28:45.645] USB: usb_device_handle_win.cc:1046 Failed to read descriptor from node connection: 시스템에 부착된 장치가 작동하지 않습니다. (0x1F)
4월 21, 2023 01:28:45.920 INFO: Created TensorFlow Lite XNNPACK delegate for CPU.
4월 21, 2023 01:33:09.526 [43588:16852:0421/013309.526:ERROR:device_event_log_impl.cc(222)] [01:33:09.526] USB: usb_device_handle_win.cc:1046 Failed to read descriptor from node connection: 시스템에 부착된 장치가 작동하지 않습니다. (0x1F)
4월 21, 2023 01:33:09.767 INFO: Created TensorFlow Lite XNNPACK delegate for CPU.
4월 21, 2023 01:55:51.290 [42284:41960:0421/015551.290:ERROR:device_event_log_impl.cc(222)] [01:55:51.290] USB: usb_device_handle_win.cc:1046 Failed to read descriptor from node connection: 시스템에 부착된 장치가 작동하지 않습니다. (0x1F)
4월 21, 2023 01:55:51.546 INFO: Created TensorFlow Lite XNNPACK delegate for CPU.
4월 21, 2023 02:09:17.718 [24176:38788:0421/020917.717:ERROR:device_event_log_impl.cc(222)] [02:09:17.717] USB: usb_device_handle_win.cc:1046 Failed to read descriptor from node connection: 시스템에 부착된 장치가 작동하지 않습니다. (0x1F)
4월 21, 2023 02:09:17.919 INFO: Created TensorFlow Lite XNNPACK delegate for CPU.
4월 21, 2023 02:10:43.588 [32556:34744:0421/021043.588:ERROR:device_event_log_impl.cc(222)] [02:10:43.588] USB: usb_device_handle_win.cc:1046 Failed to read descriptor from node connection: 시스템에 부착된 장치가 작동하지 않습니다. (0x1F)
4월 21, 2023 02:10:43.910 INFO: Created TensorFlow Lite XNNPACK delegate for CPU.
4월 21, 2023 02:20:36.842 [27848:41108:0421/022036.841:ERROR:device_event_log_impl.cc(222)] [02:20:36.841] USB: usb_device_handle_win.cc:1046 Failed to read descriptor from node connection: 시스템에 부착된 장치가 작동하지 않습니다. (0x1F)
4월 21, 2023 02:20:37.08 INFO: Created TensorFlow Lite XNNPACK delegate for CPU.
4월 21, 2023 02:21:36.16 [27848:41108:0421/022136.016:ERROR:interface_endpoint_client.cc(695)] Message 1 rejected by interface blink.mojom.WidgetHost
4월 21, 2023 02:25:51.842 [29472:13504:0421/022551.842:ERROR:device_event_log_impl.cc(222)] [02:25:51.842] USB: usb_device_handle_win.cc:1046 Failed to read descriptor from node connection: 시스템에 부착된 장치가 작동하지 않습니다. (0x1F)
4월 21, 2023 02:25:52.15 INFO: Created TensorFlow Lite XNNPACK delegate for CPU.
4월 21, 2023 02:35:03.958 [38744:4524:0421/023503.957:ERROR:device_event_log_impl.cc(222)] [02:35:03.958] USB: usb_device_handle_win.cc:1046 Failed to read descriptor from node connection: 시스템에 부착된 장치가 작동하지 않습니다. (0x1F)
4월 21, 2023 02:35:04.141 INFO: Created TensorFlow Lite XNNPACK delegate for CPU.
4월 21, 2023 02:41:37.358 [44528:34472:0421/024137.358:ERROR:device_event_log_impl.cc(222)] [02:41:37.358] USB: usb_device_handle_win.cc:1046 Failed to read descriptor from node connection: 시스템에 부착된 장치가 작동하지 않습니다. (0x1F)
4월 21, 2023 02:41:37.541 INFO: Created TensorFlow Lite XNNPACK delegate for CPU.
4월 21, 2023 02:42:57.516 [11620:28156:0421/024257.515:ERROR:device_event_log_impl.cc(222)] [02:42:57.516] USB: usb_device_handle_win.cc:1046 Failed to read descriptor from node connection: 시스템에 부착된 장치가 작동하지 않습니다. (0x1F)
4월 21, 2023 02:42:57.689 INFO: Created TensorFlow Lite XNNPACK delegate for CPU.

4월 21, 2023 09:14:26.386 NEW SESSION
4월 21, 2023 09:14:26.386 [12772:36868:0421/091426.383:ERROR:device_event_log_impl.cc(222)] [09:14:26.383] USB: usb_device_handle_win.cc:1046 Failed to read descriptor from node connection: 시스템에 부착된 장치가 작동하지 않습니다. (0x1F)
4월 21, 2023 09:14:27.287 INFO: Created TensorFlow Lite XNNPACK delegate for CPU.
4월 21, 2023 09:18:36.493 [23900:42356:0421/091836.493:ERROR:device_event_log_impl.cc(222)] [09:18:36.493] USB: usb_device_handle_win.cc:1046 Failed to read descriptor from node connection: 시스템에 부착된 장치가 작동하지 않습니다. (0x1F)
4월 21, 2023 09:18:36.740 INFO: Created TensorFlow Lite XNNPACK delegate for CPU.
4월 21, 2023 11:24:24.954 [26340:4208:0421/112424.954:ERROR:device_event_log_impl.cc(222)] [11:24:24.954] USB: usb_device_handle_win.cc:1046 Failed to read descriptor from node connection: 시스템에 부착된 장치가 작동하지 않습니다. (0x1F)
4월 21, 2023 11:24:25.156 INFO: Created TensorFlow Lite XNNPACK delegate for CPU.
4월 21, 2023 11:24:56.630 [26340:4208:0421/112456.629:ERROR:interface_endpoint_client.cc(695)] Message 0 rejected by interface blink.mojom.WidgetHost
4월 21, 2023 11:31:46.908 [34912:35336:0421/113146.907:ERROR:device_event_log_impl.cc(222)] [11:31:46.907] USB: usb_device_handle_win.cc:1046 Failed to read descriptor from node connection: 시스템에 부착된 장치가 작동하지 않습니다. (0x1F)
4월 21, 2023 11:31:47.136 INFO: Created TensorFlow Lite XNNPACK delegate for CPU.
4월 21, 2023 11:33:48.980 [31968:42380:0421/113348.979:ERROR:device_event_log_impl.cc(222)] [11:33:48.978] USB: usb_device_handle_win.cc:1046 Failed to read descriptor from node connection: 시스템에 부착된 장치가 작동하지 않습니다. (0x1F)
4월 21, 2023 11:33:49.176 INFO: Created TensorFlow Lite XNNPACK delegate for CPU.
4월 21, 2023 11:36:19.336 [38576:26892:0421/113619.335:ERROR:device_event_log_impl.cc(222)] [11:36:19.335] USB: usb_device_handle_win.cc:1046 Failed to read descriptor from node connection: 시스템에 부착된 장치가 작동하지 않습니다. (0x1F)
4월 21, 2023 11:36:19.503 INFO: Created TensorFlow Lite XNNPACK delegate for CPU.
4월 21, 2023 11:53:43.70 [44544:18316:0421/115343.069:ERROR:device_event_log_impl.cc(222)] [11:53:43.069] USB: usb_device_handle_win.cc:1046 Failed to read descriptor from node connection: 시스템에 부착된 장치가 작동하지 않습니다. (0x1F)
4월 21, 2023 11:53:43.240 INFO: Created TensorFlow Lite XNNPACK delegate for CPU.

4월 21, 2023 16:14:53.246 NEW SESSION
4월 21, 2023 16:14:53.246 [21568:16764:0421/161453.245:ERROR:device_event_log_impl.cc(222)] [16:14:53.245] USB: usb_device_handle_win.cc:1046 Failed to read descriptor from node connection: 시스템에 부착된 장치가 작동하지 않습니다. (0x1F)
4월 21, 2023 16:14:53.401 INFO: Created TensorFlow Lite XNNPACK delegate for CPU.
4월 21, 2023 16:17:41.601 [21568:16764:0421/161741.601:ERROR:interface_endpoint_client.cc(695)] Message 5 rejected by interface blink.mojom.WidgetHost
4월 21, 2023 16:29:52.14 [21568:16764:0421/162952.013:ERROR:interface_endpoint_client.cc(695)] Message 1 rejected by interface blink.mojom.WidgetHost
4월 21, 2023 16:29:52.14 [21568:16764:0421/162952.013:ERROR:interface_endpoint_client.cc(695)] Message 1 rejected by interface blink.mojom.WidgetHost
4월 21, 2023 16:29:52.15 [21568:16764:0421/162952.013:ERROR:interface_endpoint_client.cc(695)] Message 1 rejected by interface blink.mojom.WidgetHost
4월 21, 2023 17:11:56.240 [33436:22932:0421/171156.240:ERROR:device_event_log_impl.cc(222)] [17:11:56.240] USB: usb_device_handle_win.cc:1046 Failed to read descriptor from node connection: 시스템에 부착된 장치가 작동하지 않습니다. (0x1F)
4월 21, 2023 17:11:56.410 INFO: Created TensorFlow Lite XNNPACK delegate for CPU.
4월 21, 2023 17:20:01.198 [2688:21688:0421/172001.197:ERROR:device_event_log_impl.cc(222)] [17:20:01.197] USB: usb_device_handle_win.cc:1046 Failed to read descriptor from node connection: 시스템에 부착된 장치가 작동하지 않습니다. (0x1F)
4월 21, 2023 17:20:01.359 INFO: Created TensorFlow Lite XNNPACK delegate for CPU.
4월 21, 2023 17:21:23.318 [3212:29832:0421/172123.317:ERROR:device_event_log_impl.cc(222)] [17:21:23.318] USB: usb_device_handle_win.cc:1046 Failed to read descriptor from node connection: 시스템에 부착된 장치가 작동하지 않습니다. (0x1F)
4월 21, 2023 17:21:23.475 INFO: Created TensorFlow Lite XNNPACK delegate for CPU.
4월 21, 2023 17:22:50.846 [18524:38316:0421/172250.845:ERROR:device_event_log_impl.cc(222)] [17:22:50.845] USB: usb_device_handle_win.cc:1046 Failed to read descriptor from node connection: 시스템에 부착된 장치가 작동하지 않습니다. (0x1F)
4월 21, 2023 17:22:51.03 INFO: Created TensorFlow Lite XNNPACK delegate for CPU.

4월 21, 2023 18:21:53.950 NEW SESSION
4월 21, 2023 18:21:53.950 [25860:41300:0421/182153.949:ERROR:device_event_log_impl.cc(222)] [18:21:53.949] USB: usb_device_handle_win.cc:1046 Failed to read descriptor from node connection: 시스템에 부착된 장치가 작동하지 않습니다. (0x1F)
4월 21, 2023 18:21:54.104 INFO: Created TensorFlow Lite XNNPACK delegate for CPU.

4월 21, 2023 21:32:59.130 NEW SESSION
4월 21, 2023 21:32:59.130 [23592:40360:0421/213259.126:ERROR:device_event_log_impl.cc(222)] [21:32:59.126] USB: usb_device_handle_win.cc:1046 Failed to read descriptor from node connection: 시스템에 부착된 장치가 작동하지 않습니다. (0x1F)
4월 21, 2023 21:32:59.382 INFO: Created TensorFlow Lite XNNPACK delegate for CPU.
4월 21, 2023 22:06:44.837 [23592:40360:0421/220644.836:ERROR:interface_endpoint_client.cc(695)] Message 1 rejected by interface blink.mojom.WidgetHost
4월 21, 2023 22:12:39.31 [32728:35616:0421/221239.031:ERROR:device_event_log_impl.cc(222)] [22:12:39.031] USB: usb_device_handle_win.cc:1046 Failed to read descriptor from node connection: 시스템에 부착된 장치가 작동하지 않습니다. (0x1F)
4월 21, 2023 22:12:39.248 INFO: Created TensorFlow Lite XNNPACK delegate for CPU.
4월 21, 2023 22:13:37.389 [32596:38032:0421/221337.388:ERROR:device_event_log_impl.cc(222)] [22:13:37.388] USB: usb_device_handle_win.cc:1046 Failed to read descriptor from node connection: 시스템에 부착된 장치가 작동하지 않습니다. (0x1F)
4월 21, 2023 22:13:37.577 INFO: Created TensorFlow Lite XNNPACK delegate for CPU.
4월 21, 2023 22:19:57.657 [32596:22064:0421/221957.656:ERROR:connection_factory_impl.cc(472)] ConnectionHandler failed with net error: -2
4월 22, 2023 10:56:41.157 [32596:22064:0422/105641.156:ERROR:connection_factory_impl.cc(472)] ConnectionHandler failed with net error: -2
4월 22, 2023 10:56:41.447 [32596:38032:0422/105641.446:ERROR:account_info_fetcher.cc(62)] OnGetTokenFailure: Invalid credentials (credentials rejected by server).
4월 22, 2023 10:56:41.974 [32596:22064:0422/105641.973:ERROR:connection_factory_impl.cc(429)] Failed to connect to MCS endpoint with error -105
4월 23, 2023 24:04:49.494 [32596:38032:0423/000449.493:ERROR:device_event_log_impl.cc(222)] [00:04:49.464] USB: usb_service_win.cc:104 SetupDiGetDeviceProperty({{A45C254E-DF1C-4EFD-8020-67D146A850E0}, 6}) failed: 요소가 없습니다. (0x490)
4월 23, 2023 24:04:49.902 [32596:22064:0423/000449.902:ERROR:connection_factory_impl.cc(429)] Failed to connect to MCS endpoint with error -105
4월 23, 2023 24:04:50.828 [32596:22064:0423/000450.827:ERROR:connection_factory_impl.cc(429)] Failed to connect to MCS endpoint with error -105
4월 23, 2023 24:04:58.518 [32596:22064:0423/000458.518:ERROR:connection_factory_impl.cc(429)] Failed to connect to MCS endpoint with error -105
4월 23, 2023 24:04:59.541 [32596:22064:0423/000459.541:ERROR:connection_factory_impl.cc(429)] Failed to connect to MCS endpoint with error -105
4월 23, 2023 24:05:02.938 [32596:38032:0423/000502.937:ERROR:interface_endpoint_client.cc(695)] Message 1 rejected by interface blink.mojom.WidgetHost
4월 23, 2023 24:05:09.272 [32596:22064:0423/000509.271:ERROR:connection_factory_impl.cc(429)] Failed to connect to MCS endpoint with error -105
4월 23, 2023 24:05:09.272 [32596:22064:0423/000509.271:ERROR:connection_factory_impl.cc(429)] Failed to connect to MCS endpoint with error -105
4월 23, 2023 24:05:18.859 [32596:38032:0423/000518.858:ERROR:interface_endpoint_client.cc(695)] Message 1 rejected by interface blink.mojom.WidgetHost
4월 23, 2023 24:06:21.30 [32596:38032:0423/000621.030:ERROR:interface_endpoint_client.cc(695)] Message 1 rejected by interface blink.mojom.WidgetHost
4월 23, 2023 24:08:09.472 [32596:38032:0423/000809.472:ERROR:interface_endpoint_client.cc(695)] Message 1 rejected by interface blink.mojom.WidgetHost
4월 23, 2023 24:13:01.531 [32596:38032:0423/001301.530:ERROR:interface_endpoint_client.cc(695)] Message 1 rejected by interface blink.mojom.WidgetHost
4월 23, 2023 24:39:19.680 [16188:7524:0423/003919.679:ERROR:device_event_log_impl.cc(222)] [00:39:19.679] USB: usb_device_handle_win.cc:1046 Failed to read descriptor from node connection: 시스템에 부착된 장치가 작동하지 않습니다. (0x1F)
4월 23, 2023 24:39:19.925 INFO: Created TensorFlow Lite XNNPACK delegate for CPU.
4월 23, 2023 01:41:35.855 [22932:17220:0423/014135.855:ERROR:device_event_log_impl.cc(222)] [01:41:35.855] USB: usb_device_handle_win.cc:1046 Failed to read descriptor from node connection: 시스템에 부착된 장치가 작동하지 않습니다. (0x1F)
4월 23, 2023 01:41:36.163 INFO: Created TensorFlow Lite XNNPACK delegate for CPU.
4월 24, 2023 21:50:10.398 [2672:21276:0424/215010.398:ERROR:device_event_log_impl.cc(222)] [21:50:10.399] USB: usb_device_handle_win.cc:1046 Failed to read descriptor from node connection: 시스템에 부착된 장치가 작동하지 않습니다. (0x1F)
4월 24, 2023 21:50:10.694 INFO: Created TensorFlow Lite XNNPACK delegate for CPU.

4월 24, 2023 21:53:44.655 NEW SESSION
4월 24, 2023 21:53:44.655 [31324:28180:0424/215344.653:ERROR:device_event_log_impl.cc(222)] [21:53:44.654] USB: usb_device_handle_win.cc:1046 Failed to read descriptor from node connection: 시스템에 부착된 장치가 작동하지 않습니다. (0x1F)
4월 24, 2023 21:53:44.892 INFO: Created TensorFlow Lite XNNPACK delegate for CPU.
4월 24, 2023 21:54:57.310 [3036:16212:0424/215457.309:ERROR:device_event_log_impl.cc(222)] [21:54:57.310] USB: usb_device_handle_win.cc:1046 Failed to read descriptor from node connection: 시스템에 부착된 장치가 작동하지 않습니다. (0x1F)
4월 24, 2023 21:54:57.467 INFO: Created TensorFlow Lite XNNPACK delegate for CPU.
4월 24, 2023 21:56:10.455 [35508:40148:0424/215610.455:ERROR:device_event_log_impl.cc(222)] [21:56:10.455] USB: usb_device_handle_win.cc:1046 Failed to read descriptor from node connection: 시스템에 부착된 장치가 작동하지 않습니다. (0x1F)
4월 24, 2023 21:56:10.615 INFO: Created TensorFlow Lite XNNPACK delegate for CPU.
4월 24, 2023 22:12:19.732 [35508:40148:0424/221219.731:ERROR:interface_endpoint_client.cc(695)] Message 1 rejected by interface blink.mojom.WidgetHost
4월 24, 2023 22:24:58.293 [35508:40148:0424/222458.292:ERROR:interface_endpoint_client.cc(695)] Message 1 rejected by interface blink.mojom.WidgetHost
4월 24, 2023 22:27:53.790 [35508:40148:0424/222753.789:ERROR:interface_endpoint_client.cc(695)] Message 1 rejected by interface blink.mojom.WidgetHost
